Determining if files humdrum.h exist failed with the following output:
Change Dir: /mnt/c/Users/User/source/repos/mmm_refactored/out/build/WSL-GCC-Debug/CMakeFiles/CMakeTmp

Run Build Command(s):/usr/bin/ninja cmTC_460a5 && [1/2] Building C object CMakeFiles/cmTC_460a5.dir/HAVE_HUMDRUM_H.c.o
FAILED: CMakeFiles/cmTC_460a5.dir/HAVE_HUMDRUM_H.c.o 
/usr/bin/cc   -fPIE -o CMakeFiles/cmTC_460a5.dir/HAVE_HUMDRUM_H.c.o -c /mnt/c/Users/User/source/repos/mmm_refactored/out/build/WSL-GCC-Debug/CMakeFiles/CheckIncludeFiles/HAVE_HUMDRUM_H.c
/mnt/c/Users/User/source/repos/mmm_refactored/out/build/WSL-GCC-Debug/CMakeFiles/CheckIncludeFiles/HAVE_HUMDRUM_H.c:2:10: fatal error: humdrum.h: No such file or directory
    2 | #include <humdrum.h>
      |          ^~~~~~~~~~~
compilation terminated.
ninja: build stopped: subcommand failed.


Source:
/* */
#include <humdrum.h>


int main(void){return 0;}

Determining if files humdrum.h exist failed with the following output:
Change Dir: /mnt/c/Users/User/source/repos/mmm_refactored/out/build/WSL-GCC-Debug/CMakeFiles/CMakeTmp

Run Build Command(s):/usr/bin/ninja cmTC_57315 && [1/2] Building C object CMakeFiles/cmTC_57315.dir/HAVE_HUMDRUM_H.c.o
FAILED: CMakeFiles/cmTC_57315.dir/HAVE_HUMDRUM_H.c.o 
/usr/bin/cc   -fPIE -o CMakeFiles/cmTC_57315.dir/HAVE_HUMDRUM_H.c.o -c /mnt/c/Users/User/source/repos/mmm_refactored/out/build/WSL-GCC-Debug/CMakeFiles/CheckIncludeFiles/HAVE_HUMDRUM_H.c
/mnt/c/Users/User/source/repos/mmm_refactored/out/build/WSL-GCC-Debug/CMakeFiles/CheckIncludeFiles/HAVE_HUMDRUM_H.c:2:10: fatal error: humdrum.h: No such file or directory
    2 | #include <humdrum.h>
      |          ^~~~~~~~~~~
compilation terminated.
ninja: build stopped: subcommand failed.


Source:
/* */
#include <humdrum.h>


int main(void){return 0;}

Determining if files humdrum.h exist failed with the following output:
Change Dir: /mnt/c/Users/User/source/repos/mmm_refactored/out/build/WSL-GCC-Debug/CMakeFiles/CMakeTmp

Run Build Command(s):/usr/bin/ninja cmTC_5aba1 && [1/2] Building C object CMakeFiles/cmTC_5aba1.dir/HAVE_HUMDRUM_H.c.o
FAILED: CMakeFiles/cmTC_5aba1.dir/HAVE_HUMDRUM_H.c.o 
/usr/bin/cc   -fPIE -o CMakeFiles/cmTC_5aba1.dir/HAVE_HUMDRUM_H.c.o -c /mnt/c/Users/User/source/repos/mmm_refactored/out/build/WSL-GCC-Debug/CMakeFiles/CheckIncludeFiles/HAVE_HUMDRUM_H.c
/mnt/c/Users/User/source/repos/mmm_refactored/out/build/WSL-GCC-Debug/CMakeFiles/CheckIncludeFiles/HAVE_HUMDRUM_H.c:2:10: fatal error: humdrum.h: No such file or directory
    2 | #include <humdrum.h>
      |          ^~~~~~~~~~~
compilation terminated.
ninja: build stopped: subcommand failed.


Source:
/* */
#include <humdrum.h>


int main(void){return 0;}

Determining if files humdrum.h exist failed with the following output:
Change Dir: /mnt/c/Users/User/source/repos/mmm_refactored/out/build/WSL-GCC-Debug/CMakeFiles/CMakeTmp

Run Build Command(s):/usr/bin/ninja cmTC_983e3 && [1/2] Building C object CMakeFiles/cmTC_983e3.dir/HAVE_HUMDRUM_H.c.o
FAILED: CMakeFiles/cmTC_983e3.dir/HAVE_HUMDRUM_H.c.o 
/usr/bin/cc   -fPIE -o CMakeFiles/cmTC_983e3.dir/HAVE_HUMDRUM_H.c.o -c /mnt/c/Users/User/source/repos/mmm_refactored/out/build/WSL-GCC-Debug/CMakeFiles/CheckIncludeFiles/HAVE_HUMDRUM_H.c
/mnt/c/Users/User/source/repos/mmm_refactored/out/build/WSL-GCC-Debug/CMakeFiles/CheckIncludeFiles/HAVE_HUMDRUM_H.c:2:10: fatal error: humdrum.h: No such file or directory
    2 | #include <humdrum.h>
      |          ^~~~~~~~~~~
compilation terminated.
ninja: build stopped: subcommand failed.


Source:
/* */
#include <humdrum.h>


int main(void){return 0;}

Determining if files humdrum.h exist failed with the following output:
Change Dir: /mnt/c/Users/User/source/repos/mmm_refactored/out/build/WSL-GCC-Debug/CMakeFiles/CMakeTmp

Run Build Command(s):/usr/bin/ninja cmTC_87d81 && [1/2] Building C object CMakeFiles/cmTC_87d81.dir/HAVE_HUMDRUM_H.c.o
FAILED: CMakeFiles/cmTC_87d81.dir/HAVE_HUMDRUM_H.c.o 
/usr/bin/cc   -fPIE -o CMakeFiles/cmTC_87d81.dir/HAVE_HUMDRUM_H.c.o -c /mnt/c/Users/User/source/repos/mmm_refactored/out/build/WSL-GCC-Debug/CMakeFiles/CheckIncludeFiles/HAVE_HUMDRUM_H.c
/mnt/c/Users/User/source/repos/mmm_refactored/out/build/WSL-GCC-Debug/CMakeFiles/CheckIncludeFiles/HAVE_HUMDRUM_H.c:2:10: fatal error: humdrum.h: No such file or directory
    2 | #include <humdrum.h>
      |          ^~~~~~~~~~~
compilation terminated.
ninja: build stopped: subcommand failed.


Source:
/* */
#include <humdrum.h>


int main(void){return 0;}

Determining if files humdrum.h exist failed with the following output:
Change Dir: /mnt/c/Users/User/source/repos/mmm_refactored/out/build/WSL-GCC-Debug/CMakeFiles/CMakeTmp

Run Build Command(s):/usr/bin/ninja cmTC_cb897 && [1/2] Building C object CMakeFiles/cmTC_cb897.dir/HAVE_HUMDRUM_H.c.o
FAILED: CMakeFiles/cmTC_cb897.dir/HAVE_HUMDRUM_H.c.o 
/usr/bin/cc   -fPIE -o CMakeFiles/cmTC_cb897.dir/HAVE_HUMDRUM_H.c.o -c /mnt/c/Users/User/source/repos/mmm_refactored/out/build/WSL-GCC-Debug/CMakeFiles/CheckIncludeFiles/HAVE_HUMDRUM_H.c
/mnt/c/Users/User/source/repos/mmm_refactored/out/build/WSL-GCC-Debug/CMakeFiles/CheckIncludeFiles/HAVE_HUMDRUM_H.c:2:10: fatal error: humdrum.h: No such file or directory
    2 | #include <humdrum.h>
      |          ^~~~~~~~~~~
compilation terminated.
ninja: build stopped: subcommand failed.


Source:
/* */
#include <humdrum.h>


int main(void){return 0;}

Determining if files humdrum.h exist failed with the following output:
Change Dir: /mnt/c/Users/User/source/repos/mmm_refactored/out/build/WSL-GCC-Debug/CMakeFiles/CMakeTmp

Run Build Command(s):/usr/bin/ninja cmTC_ede47 && [1/2] Building C object CMakeFiles/cmTC_ede47.dir/HAVE_HUMDRUM_H.c.o
FAILED: CMakeFiles/cmTC_ede47.dir/HAVE_HUMDRUM_H.c.o 
/usr/bin/cc   -fPIE -o CMakeFiles/cmTC_ede47.dir/HAVE_HUMDRUM_H.c.o -c /mnt/c/Users/User/source/repos/mmm_refactored/out/build/WSL-GCC-Debug/CMakeFiles/CheckIncludeFiles/HAVE_HUMDRUM_H.c
/mnt/c/Users/User/source/repos/mmm_refactored/out/build/WSL-GCC-Debug/CMakeFiles/CheckIncludeFiles/HAVE_HUMDRUM_H.c:2:10: fatal error: humdrum.h: No such file or directory
    2 | #include <humdrum.h>
      |          ^~~~~~~~~~~
compilation terminated.
ninja: build stopped: subcommand failed.


Source:
/* */
#include <humdrum.h>


int main(void){return 0;}

Determining if files humdrum.h exist failed with the following output:
Change Dir: /mnt/c/Users/User/source/repos/mmm_refactored/out/build/WSL-GCC-Debug/CMakeFiles/CMakeTmp

Run Build Command(s):/usr/bin/ninja cmTC_1ba55 && [1/2] Building C object CMakeFiles/cmTC_1ba55.dir/HAVE_HUMDRUM_H.c.o
FAILED: CMakeFiles/cmTC_1ba55.dir/HAVE_HUMDRUM_H.c.o 
/usr/bin/cc   -fPIE -o CMakeFiles/cmTC_1ba55.dir/HAVE_HUMDRUM_H.c.o -c /mnt/c/Users/User/source/repos/mmm_refactored/out/build/WSL-GCC-Debug/CMakeFiles/CheckIncludeFiles/HAVE_HUMDRUM_H.c
/mnt/c/Users/User/source/repos/mmm_refactored/out/build/WSL-GCC-Debug/CMakeFiles/CheckIncludeFiles/HAVE_HUMDRUM_H.c:2:10: fatal error: humdrum.h: No such file or directory
    2 | #include <humdrum.h>
      |          ^~~~~~~~~~~
compilation terminated.
ninja: build stopped: subcommand failed.


Source:
/* */
#include <humdrum.h>


int main(void){return 0;}

Determining if files humdrum.h exist failed with the following output:
Change Dir: /mnt/c/Users/User/source/repos/mmm_refactored/out/build/WSL-GCC-Debug/CMakeFiles/CMakeTmp

Run Build Command(s):/usr/bin/ninja cmTC_c79b4 && [1/2] Building C object CMakeFiles/cmTC_c79b4.dir/HAVE_HUMDRUM_H.c.o
FAILED: CMakeFiles/cmTC_c79b4.dir/HAVE_HUMDRUM_H.c.o 
/usr/bin/cc   -fPIE -o CMakeFiles/cmTC_c79b4.dir/HAVE_HUMDRUM_H.c.o -c /mnt/c/Users/User/source/repos/mmm_refactored/out/build/WSL-GCC-Debug/CMakeFiles/CheckIncludeFiles/HAVE_HUMDRUM_H.c
/mnt/c/Users/User/source/repos/mmm_refactored/out/build/WSL-GCC-Debug/CMakeFiles/CheckIncludeFiles/HAVE_HUMDRUM_H.c:2:10: fatal error: humdrum.h: No such file or directory
    2 | #include <humdrum.h>
      |          ^~~~~~~~~~~
compilation terminated.
ninja: build stopped: subcommand failed.


Source:
/* */
#include <humdrum.h>


int main(void){return 0;}

Determining if files humdrum.h exist failed with the following output:
Change Dir: /mnt/c/Users/User/source/repos/mmm_refactored/out/build/WSL-GCC-Debug/CMakeFiles/CMakeTmp

Run Build Command(s):/usr/bin/ninja cmTC_e5f39 && [1/2] Building C object CMakeFiles/cmTC_e5f39.dir/HAVE_HUMDRUM_H.c.o
FAILED: CMakeFiles/cmTC_e5f39.dir/HAVE_HUMDRUM_H.c.o 
/usr/bin/cc   -fPIE -o CMakeFiles/cmTC_e5f39.dir/HAVE_HUMDRUM_H.c.o -c /mnt/c/Users/User/source/repos/mmm_refactored/out/build/WSL-GCC-Debug/CMakeFiles/CheckIncludeFiles/HAVE_HUMDRUM_H.c
/mnt/c/Users/User/source/repos/mmm_refactored/out/build/WSL-GCC-Debug/CMakeFiles/CheckIncludeFiles/HAVE_HUMDRUM_H.c:2:10: fatal error: humdrum.h: No such file or directory
    2 | #include <humdrum.h>
      |          ^~~~~~~~~~~
compilation terminated.
ninja: build stopped: subcommand failed.


Source:
/* */
#include <humdrum.h>


int main(void){return 0;}

Determining if files humdrum.h exist failed with the following output:
Change Dir: /mnt/c/Users/User/source/repos/mmm_refactored/out/build/WSL-GCC-Debug/CMakeFiles/CMakeTmp

Run Build Command(s):/usr/bin/ninja cmTC_8e9bc && [1/2] Building C object CMakeFiles/cmTC_8e9bc.dir/HAVE_HUMDRUM_H.c.o
FAILED: CMakeFiles/cmTC_8e9bc.dir/HAVE_HUMDRUM_H.c.o 
/usr/bin/cc   -fPIE -o CMakeFiles/cmTC_8e9bc.dir/HAVE_HUMDRUM_H.c.o -c /mnt/c/Users/User/source/repos/mmm_refactored/out/build/WSL-GCC-Debug/CMakeFiles/CheckIncludeFiles/HAVE_HUMDRUM_H.c
/mnt/c/Users/User/source/repos/mmm_refactored/out/build/WSL-GCC-Debug/CMakeFiles/CheckIncludeFiles/HAVE_HUMDRUM_H.c:2:10: fatal error: humdrum.h: No such file or directory
    2 | #include <humdrum.h>
      |          ^~~~~~~~~~~
compilation terminated.
ninja: build stopped: subcommand failed.


Source:
/* */
#include <humdrum.h>


int main(void){return 0;}

Determining if files humdrum.h exist failed with the following output:
Change Dir: /mnt/c/Users/User/source/repos/mmm_refactored/out/build/WSL-GCC-Debug/CMakeFiles/CMakeTmp

Run Build Command(s):/usr/bin/ninja cmTC_cbbf1 && [1/2] Building C object CMakeFiles/cmTC_cbbf1.dir/HAVE_HUMDRUM_H.c.o
FAILED: CMakeFiles/cmTC_cbbf1.dir/HAVE_HUMDRUM_H.c.o 
/usr/bin/cc   -fPIE -o CMakeFiles/cmTC_cbbf1.dir/HAVE_HUMDRUM_H.c.o -c /mnt/c/Users/User/source/repos/mmm_refactored/out/build/WSL-GCC-Debug/CMakeFiles/CheckIncludeFiles/HAVE_HUMDRUM_H.c
/mnt/c/Users/User/source/repos/mmm_refactored/out/build/WSL-GCC-Debug/CMakeFiles/CheckIncludeFiles/HAVE_HUMDRUM_H.c:2:10: fatal error: humdrum.h: No such file or directory
    2 | #include <humdrum.h>
      |          ^~~~~~~~~~~
compilation terminated.
ninja: build stopped: subcommand failed.


Source:
/* */
#include <humdrum.h>


int main(void){return 0;}

Determining if files humdrum.h exist failed with the following output:
Change Dir: /mnt/c/Users/User/source/repos/mmm_refactored/out/build/WSL-GCC-Debug/CMakeFiles/CMakeTmp

Run Build Command(s):/usr/bin/ninja cmTC_2a320 && [1/2] Building C object CMakeFiles/cmTC_2a320.dir/HAVE_HUMDRUM_H.c.o
FAILED: CMakeFiles/cmTC_2a320.dir/HAVE_HUMDRUM_H.c.o 
/usr/bin/cc   -fPIE -o CMakeFiles/cmTC_2a320.dir/HAVE_HUMDRUM_H.c.o -c /mnt/c/Users/User/source/repos/mmm_refactored/out/build/WSL-GCC-Debug/CMakeFiles/CheckIncludeFiles/HAVE_HUMDRUM_H.c
/mnt/c/Users/User/source/repos/mmm_refactored/out/build/WSL-GCC-Debug/CMakeFiles/CheckIncludeFiles/HAVE_HUMDRUM_H.c:2:10: fatal error: humdrum.h: No such file or directory
    2 | #include <humdrum.h>
      |          ^~~~~~~~~~~
compilation terminated.
ninja: build stopped: subcommand failed.


Source:
/* */
#include <humdrum.h>


int main(void){return 0;}

Determining if files humdrum.h exist failed with the following output:
Change Dir: /mnt/c/Users/User/source/repos/mmm_refactored/out/build/WSL-GCC-Debug/CMakeFiles/CMakeTmp

Run Build Command(s):/usr/bin/ninja cmTC_ea93c && [1/2] Building C object CMakeFiles/cmTC_ea93c.dir/HAVE_HUMDRUM_H.c.o
FAILED: CMakeFiles/cmTC_ea93c.dir/HAVE_HUMDRUM_H.c.o 
/usr/bin/cc   -fPIE -o CMakeFiles/cmTC_ea93c.dir/HAVE_HUMDRUM_H.c.o -c /mnt/c/Users/User/source/repos/mmm_refactored/out/build/WSL-GCC-Debug/CMakeFiles/CheckIncludeFiles/HAVE_HUMDRUM_H.c
/mnt/c/Users/User/source/repos/mmm_refactored/out/build/WSL-GCC-Debug/CMakeFiles/CheckIncludeFiles/HAVE_HUMDRUM_H.c:2:10: fatal error: humdrum.h: No such file or directory
    2 | #include <humdrum.h>
      |          ^~~~~~~~~~~
compilation terminated.
ninja: build stopped: subcommand failed.


Source:
/* */
#include <humdrum.h>


int main(void){return 0;}

Determining if files humdrum.h exist failed with the following output:
Change Dir: /mnt/c/Users/User/source/repos/mmm_refactored/out/build/WSL-GCC-Debug/CMakeFiles/CMakeTmp

Run Build Command(s):/usr/bin/ninja cmTC_3126a && [1/2] Building C object CMakeFiles/cmTC_3126a.dir/HAVE_HUMDRUM_H.c.o
FAILED: CMakeFiles/cmTC_3126a.dir/HAVE_HUMDRUM_H.c.o 
/usr/bin/cc   -fPIE -o CMakeFiles/cmTC_3126a.dir/HAVE_HUMDRUM_H.c.o -c /mnt/c/Users/User/source/repos/mmm_refactored/out/build/WSL-GCC-Debug/CMakeFiles/CheckIncludeFiles/HAVE_HUMDRUM_H.c
/mnt/c/Users/User/source/repos/mmm_refactored/out/build/WSL-GCC-Debug/CMakeFiles/CheckIncludeFiles/HAVE_HUMDRUM_H.c:2:10: fatal error: humdrum.h: No such file or directory
    2 | #include <humdrum.h>
      |          ^~~~~~~~~~~
compilation terminated.
ninja: build stopped: subcommand failed.


Source:
/* */
#include <humdrum.h>


int main(void){return 0;}

Determining if files humdrum.h exist failed with the following output:
Change Dir: /mnt/c/Users/User/source/repos/mmm_refactored/out/build/WSL-GCC-Debug/CMakeFiles/CMakeTmp

Run Build Command(s):/usr/bin/ninja cmTC_d086d && [1/2] Building C object CMakeFiles/cmTC_d086d.dir/HAVE_HUMDRUM_H.c.o
FAILED: CMakeFiles/cmTC_d086d.dir/HAVE_HUMDRUM_H.c.o 
/usr/bin/cc   -fPIE -o CMakeFiles/cmTC_d086d.dir/HAVE_HUMDRUM_H.c.o -c /mnt/c/Users/User/source/repos/mmm_refactored/out/build/WSL-GCC-Debug/CMakeFiles/CheckIncludeFiles/HAVE_HUMDRUM_H.c
/mnt/c/Users/User/source/repos/mmm_refactored/out/build/WSL-GCC-Debug/CMakeFiles/CheckIncludeFiles/HAVE_HUMDRUM_H.c:2:10: fatal error: humdrum.h: No such file or directory
    2 | #include <humdrum.h>
      |          ^~~~~~~~~~~
compilation terminated.
ninja: build stopped: subcommand failed.


Source:
/* */
#include <humdrum.h>


int main(void){return 0;}

Determining if files humdrum.h exist failed with the following output:
Change Dir: /mnt/c/Users/User/source/repos/mmm_refactored/out/build/WSL-GCC-Debug/CMakeFiles/CMakeTmp

Run Build Command(s):/usr/bin/ninja cmTC_ceffe && [1/2] Building C object CMakeFiles/cmTC_ceffe.dir/HAVE_HUMDRUM_H.c.o
FAILED: CMakeFiles/cmTC_ceffe.dir/HAVE_HUMDRUM_H.c.o 
/usr/bin/cc   -fPIE -o CMakeFiles/cmTC_ceffe.dir/HAVE_HUMDRUM_H.c.o -c /mnt/c/Users/User/source/repos/mmm_refactored/out/build/WSL-GCC-Debug/CMakeFiles/CheckIncludeFiles/HAVE_HUMDRUM_H.c
/mnt/c/Users/User/source/repos/mmm_refactored/out/build/WSL-GCC-Debug/CMakeFiles/CheckIncludeFiles/HAVE_HUMDRUM_H.c:2:10: fatal error: humdrum.h: No such file or directory
    2 | #include <humdrum.h>
      |          ^~~~~~~~~~~
compilation terminated.
ninja: build stopped: subcommand failed.


Source:
/* */
#include <humdrum.h>


int main(void){return 0;}

Determining if files humdrum.h exist failed with the following output:
Change Dir: /mnt/c/Users/User/source/repos/mmm_refactored/out/build/WSL-GCC-Debug/CMakeFiles/CMakeTmp

Run Build Command(s):/usr/bin/ninja cmTC_2d704 && [1/2] Building C object CMakeFiles/cmTC_2d704.dir/HAVE_HUMDRUM_H.c.o
FAILED: CMakeFiles/cmTC_2d704.dir/HAVE_HUMDRUM_H.c.o 
/usr/bin/cc   -fPIE -o CMakeFiles/cmTC_2d704.dir/HAVE_HUMDRUM_H.c.o -c /mnt/c/Users/User/source/repos/mmm_refactored/out/build/WSL-GCC-Debug/CMakeFiles/CheckIncludeFiles/HAVE_HUMDRUM_H.c
/mnt/c/Users/User/source/repos/mmm_refactored/out/build/WSL-GCC-Debug/CMakeFiles/CheckIncludeFiles/HAVE_HUMDRUM_H.c:2:10: fatal error: humdrum.h: No such file or directory
    2 | #include <humdrum.h>
      |          ^~~~~~~~~~~
compilation terminated.
ninja: build stopped: subcommand failed.


Source:
/* */
#include <humdrum.h>


int main(void){return 0;}

Determining if files humdrum.h exist failed with the following output:
Change Dir: /mnt/c/Users/User/source/repos/mmm_refactored/out/build/WSL-GCC-Debug/CMakeFiles/CMakeTmp

Run Build Command(s):/usr/bin/ninja cmTC_77fe2 && [1/2] Building C object CMakeFiles/cmTC_77fe2.dir/HAVE_HUMDRUM_H.c.o
FAILED: CMakeFiles/cmTC_77fe2.dir/HAVE_HUMDRUM_H.c.o 
/usr/bin/cc   -fPIE -o CMakeFiles/cmTC_77fe2.dir/HAVE_HUMDRUM_H.c.o -c /mnt/c/Users/User/source/repos/mmm_refactored/out/build/WSL-GCC-Debug/CMakeFiles/CheckIncludeFiles/HAVE_HUMDRUM_H.c
/mnt/c/Users/User/source/repos/mmm_refactored/out/build/WSL-GCC-Debug/CMakeFiles/CheckIncludeFiles/HAVE_HUMDRUM_H.c:2:10: fatal error: humdrum.h: No such file or directory
    2 | #include <humdrum.h>
      |          ^~~~~~~~~~~
compilation terminated.
ninja: build stopped: subcommand failed.


Source:
/* */
#include <humdrum.h>


int main(void){return 0;}

Determining if files humdrum.h exist failed with the following output:
Change Dir: /mnt/c/Users/User/source/repos/mmm_refactored/out/build/WSL-GCC-Debug/CMakeFiles/CMakeTmp

Run Build Command(s):/usr/bin/ninja cmTC_5d219 && [1/2] Building C object CMakeFiles/cmTC_5d219.dir/HAVE_HUMDRUM_H.c.o
FAILED: CMakeFiles/cmTC_5d219.dir/HAVE_HUMDRUM_H.c.o 
/usr/bin/cc   -fPIE -o CMakeFiles/cmTC_5d219.dir/HAVE_HUMDRUM_H.c.o -c /mnt/c/Users/User/source/repos/mmm_refactored/out/build/WSL-GCC-Debug/CMakeFiles/CheckIncludeFiles/HAVE_HUMDRUM_H.c
/mnt/c/Users/User/source/repos/mmm_refactored/out/build/WSL-GCC-Debug/CMakeFiles/CheckIncludeFiles/HAVE_HUMDRUM_H.c:2:10: fatal error: humdrum.h: No such file or directory
    2 | #include <humdrum.h>
      |          ^~~~~~~~~~~
compilation terminated.
ninja: build stopped: subcommand failed.


Source:
/* */
#include <humdrum.h>


int main(void){return 0;}

Determining if files humdrum.h exist failed with the following output:
Change Dir: /mnt/c/Users/User/source/repos/mmm_refactored/out/build/WSL-GCC-Debug/CMakeFiles/CMakeTmp

Run Build Command(s):/usr/bin/ninja cmTC_4ed5e && [1/2] Building C object CMakeFiles/cmTC_4ed5e.dir/HAVE_HUMDRUM_H.c.o
FAILED: CMakeFiles/cmTC_4ed5e.dir/HAVE_HUMDRUM_H.c.o 
/usr/bin/cc   -fPIE -o CMakeFiles/cmTC_4ed5e.dir/HAVE_HUMDRUM_H.c.o -c /mnt/c/Users/User/source/repos/mmm_refactored/out/build/WSL-GCC-Debug/CMakeFiles/CheckIncludeFiles/HAVE_HUMDRUM_H.c
/mnt/c/Users/User/source/repos/mmm_refactored/out/build/WSL-GCC-Debug/CMakeFiles/CheckIncludeFiles/HAVE_HUMDRUM_H.c:2:10: fatal error: humdrum.h: No such file or directory
    2 | #include <humdrum.h>
      |          ^~~~~~~~~~~
compilation terminated.
ninja: build stopped: subcommand failed.


Source:
/* */
#include <humdrum.h>


int main(void){return 0;}

Determining if files humdrum.h exist failed with the following output:
Change Dir: /mnt/c/Users/User/source/repos/mmm_refactored/out/build/WSL-GCC-Debug/CMakeFiles/CMakeTmp

Run Build Command(s):/usr/bin/ninja cmTC_faf26 && [1/2] Building C object CMakeFiles/cmTC_faf26.dir/HAVE_HUMDRUM_H.c.o
FAILED: CMakeFiles/cmTC_faf26.dir/HAVE_HUMDRUM_H.c.o 
/usr/bin/cc   -fPIE -o CMakeFiles/cmTC_faf26.dir/HAVE_HUMDRUM_H.c.o -c /mnt/c/Users/User/source/repos/mmm_refactored/out/build/WSL-GCC-Debug/CMakeFiles/CheckIncludeFiles/HAVE_HUMDRUM_H.c
/mnt/c/Users/User/source/repos/mmm_refactored/out/build/WSL-GCC-Debug/CMakeFiles/CheckIncludeFiles/HAVE_HUMDRUM_H.c:2:10: fatal error: humdrum.h: No such file or directory
    2 | #include <humdrum.h>
      |          ^~~~~~~~~~~
compilation terminated.
ninja: build stopped: subcommand failed.


Source:
/* */
#include <humdrum.h>


int main(void){return 0;}

Determining if files humdrum.h exist failed with the following output:
Change Dir: /mnt/c/Users/User/source/repos/mmm_refactored/out/build/WSL-GCC-Debug/CMakeFiles/CMakeTmp

Run Build Command(s):/usr/bin/ninja cmTC_17cfa && [1/2] Building C object CMakeFiles/cmTC_17cfa.dir/HAVE_HUMDRUM_H.c.o
FAILED: CMakeFiles/cmTC_17cfa.dir/HAVE_HUMDRUM_H.c.o 
/usr/bin/cc   -fPIE -o CMakeFiles/cmTC_17cfa.dir/HAVE_HUMDRUM_H.c.o -c /mnt/c/Users/User/source/repos/mmm_refactored/out/build/WSL-GCC-Debug/CMakeFiles/CheckIncludeFiles/HAVE_HUMDRUM_H.c
/mnt/c/Users/User/source/repos/mmm_refactored/out/build/WSL-GCC-Debug/CMakeFiles/CheckIncludeFiles/HAVE_HUMDRUM_H.c:2:10: fatal error: humdrum.h: No such file or directory
    2 | #include <humdrum.h>
      |          ^~~~~~~~~~~
compilation terminated.
ninja: build stopped: subcommand failed.


Source:
/* */
#include <humdrum.h>


int main(void){return 0;}

Determining if files humdrum.h exist failed with the following output:
Change Dir: /mnt/c/Users/User/source/repos/mmm_refactored/out/build/WSL-GCC-Debug/CMakeFiles/CMakeTmp

Run Build Command(s):/usr/bin/ninja cmTC_63bb4 && [1/2] Building C object CMakeFiles/cmTC_63bb4.dir/HAVE_HUMDRUM_H.c.o
FAILED: CMakeFiles/cmTC_63bb4.dir/HAVE_HUMDRUM_H.c.o 
/usr/bin/cc   -fPIE -o CMakeFiles/cmTC_63bb4.dir/HAVE_HUMDRUM_H.c.o -c /mnt/c/Users/User/source/repos/mmm_refactored/out/build/WSL-GCC-Debug/CMakeFiles/CheckIncludeFiles/HAVE_HUMDRUM_H.c
/mnt/c/Users/User/source/repos/mmm_refactored/out/build/WSL-GCC-Debug/CMakeFiles/CheckIncludeFiles/HAVE_HUMDRUM_H.c:2:10: fatal error: humdrum.h: No such file or directory
    2 | #include <humdrum.h>
      |          ^~~~~~~~~~~
compilation terminated.
ninja: build stopped: subcommand failed.


Source:
/* */
#include <humdrum.h>


int main(void){return 0;}

Determining if files humdrum.h exist failed with the following output:
Change Dir: /mnt/c/Users/User/source/repos/mmm_refactored/out/build/WSL-GCC-Debug/CMakeFiles/CMakeTmp

Run Build Command(s):/usr/bin/ninja cmTC_88311 && [1/2] Building C object CMakeFiles/cmTC_88311.dir/HAVE_HUMDRUM_H.c.o
FAILED: CMakeFiles/cmTC_88311.dir/HAVE_HUMDRUM_H.c.o 
/usr/bin/cc   -fPIE -o CMakeFiles/cmTC_88311.dir/HAVE_HUMDRUM_H.c.o -c /mnt/c/Users/User/source/repos/mmm_refactored/out/build/WSL-GCC-Debug/CMakeFiles/CheckIncludeFiles/HAVE_HUMDRUM_H.c
/mnt/c/Users/User/source/repos/mmm_refactored/out/build/WSL-GCC-Debug/CMakeFiles/CheckIncludeFiles/HAVE_HUMDRUM_H.c:2:10: fatal error: humdrum.h: No such file or directory
    2 | #include <humdrum.h>
      |          ^~~~~~~~~~~
compilation terminated.
ninja: build stopped: subcommand failed.


Source:
/* */
#include <humdrum.h>


int main(void){return 0;}

